  assembler.c
C:\Users\מחשב לכל ילד\Documents\GitHub\c-specalization-final-project\finalProject\finalProject\finalProject\assembler.c(24,27): warning C4013: 'malloc' undefined; assuming extern returning int
C:\Users\מחשב לכל ילד\Documents\GitHub\c-specalization-final-project\finalProject\finalProject\finalProject\assembler.c(28,23): warning C4013: 'getline' undefined; assuming extern returning int
  main.c
C:\Users\מחשב לכל ילד\Documents\GitHub\c-specalization-final-project\finalProject\finalProject\finalProject\main.c(15,15): warning C4996: 'fopen': This function or variable may be unsafe. Consider using fopen_s instead. To disable deprecation, use _CRT_SECURE_NO_WARNINGS. See online help for details.
  manageDirective.c
C:\Users\מחשב לכל ילד\Documents\GitHub\c-specalization-final-project\finalProject\finalProject\finalProject\manageDirective.c(65,13): warning C4013: 'atoi' undefined; assuming extern returning int
  outputFiles.c
C:\Users\מחשב לכל ילד\Documents\GitHub\c-specalization-final-project\finalProject\finalProject\finalProject\outputFiles.c(16,11): warning C4996: 'fopen': This function or variable may be unsafe. Consider using fopen_s instead. To disable deprecation, use _CRT_SECURE_NO_WARNINGS. See online help for details.
C:\Users\מחשב לכל ילד\Documents\GitHub\c-specalization-final-project\finalProject\finalProject\finalProject\outputFiles.c(54,60): warning C4047: '=': 'symbol *' differs in levels of indirection from 'int'
C:\Users\מחשב לכל ילד\Documents\GitHub\c-specalization-final-project\finalProject\finalProject\finalProject\outputFiles.c(46,13): warning C4996: 'fopen': This function or variable may be unsafe. Consider using fopen_s instead. To disable deprecation, use _CRT_SECURE_NO_WARNINGS. See online help for details.
C:\Users\מחשב לכל ילד\Documents\GitHub\c-specalization-final-project\finalProject\finalProject\finalProject\outputFiles.c(78,42): warning C4013: 'f_getNextEextern' undefined; assuming extern returning int
C:\Users\מחשב לכל ילד\Documents\GitHub\c-specalization-final-project\finalProject\finalProject\finalProject\outputFiles.c(78,64): warning C4047: '!=': 'int' differs in levels of indirection from 'void *'
C:\Users\מחשב לכל ילד\Documents\GitHub\c-specalization-final-project\finalProject\finalProject\finalProject\outputFiles.c(78,64): warning C4047: '=': 'symbol *' differs in levels of indirection from 'int'
C:\Users\מחשב לכל ילד\Documents\GitHub\c-specalization-final-project\finalProject\finalProject\finalProject\outputFiles.c(70,13): warning C4996: 'fopen': This function or variable may be unsafe. Consider using fopen_s instead. To disable deprecation, use _CRT_SECURE_NO_WARNINGS. See online help for details.
C:\Users\מחשב לכל ילד\Documents\GitHub\c-specalization-final-project\finalProject\finalProject\finalProject\outputFiles.c(91,12): warning C4996: 'fopen': This function or variable may be unsafe. Consider using fopen_s instead. To disable deprecation, use _CRT_SECURE_NO_WARNINGS. See online help for details.
  Generating Code...
Debug\commandsData.obj : warning LNK4042: object specified more than once; extras ignored
Debug\assembler.obj : warning LNK4042: object specified more than once; extras ignored
Debug\structures.obj : warning LNK4042: object specified more than once; extras ignored
assembler.obj : error LNK2019: unresolved external symbol _f_checkIsValidRow referenced in function _f_assembleFirstPass
assembler.obj : error LNK2019: unresolved external symbol _f_manamgeInstruction referenced in function _f_assembleFirstPass
assembler.obj : error LNK2019: unresolved external symbol _getline referenced in function _f_assembleFirstPass
outputFiles.obj : error LNK2019: unresolved external symbol _f_getNextEextern referenced in function _f_writeEXTFile
outputFiles.obj : error LNK2001: unresolved external symbol _headInstructionList
symbolsHash.obj : error LNK2019: unresolved external symbol _f_ingnoreSpaces referenced in function _f_modifyLabel
symbolsHash.obj : error LNK2019: unresolved external symbol _hashcode referenced in function _f_convertFromListToHash
C:\Users\מחשב לכל ילד\Documents\GitHub\c-specalization-final-project\finalProject\finalProject\finalProject\Debug\finalProject.exe : fatal error LNK1120: 7 unresolved externals
