  assembler.h
C:\Users\מחשב לכל ילד\Documents\GitHub\c-specalization-final-project\finalProject\structures.h(4,55): warning C4091: 'typedef ': ignored on left of 'E_scopeLabel' when no variable is declared
C:\Users\מחשב לכל ילד\Documents\GitHub\c-specalization-final-project\finalProject\structures.h(5,50): warning C4091: 'typedef ': ignored on left of 'E_typeLabel' when no variable is declared
C:\Users\מחשב לכל ילד\Documents\GitHub\c-specalization-final-project\finalProject\structures.h(4,32): error C2011: 'E_scopeLabel': 'enum' type redefinition
C:\Users\מחשב לכל ילד\Documents\GitHub\c-specalization-final-project\finalProject\structures.h(4): message : see declaration of 'E_scopeLabel'
C:\Users\מחשב לכל ילד\Documents\GitHub\c-specalization-final-project\finalProject\structures.h(5,31): error C2011: 'E_typeLabel': 'enum' type redefinition
C:\Users\מחשב לכל ילד\Documents\GitHub\c-specalization-final-project\finalProject\structures.h(5): message : see declaration of 'E_typeLabel'
C:\Users\מחשב לכל ילד\Documents\GitHub\c-specalization-final-project\finalProject\structures.h(11,1): error C2011: 'binaryCode': 'struct' type redefinition
C:\Users\מחשב לכל ילד\Documents\GitHub\c-specalization-final-project\finalProject\structures.h(10): message : see declaration of 'binaryCode'
C:\Users\מחשב לכל ילד\Documents\GitHub\c-specalization-final-project\finalProject\structures.h(22,1): error C2011: 'nodeI': 'struct' type redefinition
C:\Users\מחשב לכל ילד\Documents\GitHub\c-specalization-final-project\finalProject\structures.h(71): message : see declaration of 'nodeI'
C:\Users\מחשב לכל ילד\Documents\GitHub\c-specalization-final-project\finalProject\structures.h(35,1): error C2011: 'nodeD': 'struct' type redefinition
C:\Users\מחשב לכל ילד\Documents\GitHub\c-specalization-final-project\finalProject\structures.h(74): message : see declaration of 'nodeD'
C:\Users\מחשב לכל ילד\Documents\GitHub\c-specalization-final-project\finalProject\structures.h(50,1): error C2011: 'symbol': 'struct' type redefinition
C:\Users\מחשב לכל ילד\Documents\GitHub\c-specalization-final-project\finalProject\structures.h(49): message : see declaration of 'symbol'
C:\Users\מחשב לכל ילד\Documents\GitHub\c-specalization-final-project\finalProject\structures.h(64,5): error C2086: 'int IC': redefinition
C:\Users\מחשב לכל ילד\Documents\GitHub\c-specalization-final-project\finalProject\structures.h(64): message : see declaration of 'IC'
C:\Users\מחשב לכל ילד\Documents\GitHub\c-specalization-final-project\finalProject\structures.h(66,5): error C2086: 'int DC': redefinition
C:\Users\מחשב לכל ילד\Documents\GitHub\c-specalization-final-project\finalProject\structures.h(66): message : see declaration of 'DC'
C:\Users\מחשב לכל ילד\Documents\GitHub\c-specalization-final-project\finalProject\structures.h(70,15): error C2086: 'nodeI *headInstrucionList': redefinition
C:\Users\מחשב לכל ילד\Documents\GitHub\c-specalization-final-project\finalProject\structures.h(70): message : see declaration of 'headInstrucionList'
C:\Users\מחשב לכל ילד\Documents\GitHub\c-specalization-final-project\finalProject\structures.h(71,15): error C2086: 'nodeI *tailInstrucionList': redefinition
C:\Users\מחשב לכל ילד\Documents\GitHub\c-specalization-final-project\finalProject\structures.h(71): message : see declaration of 'tailInstrucionList'
C:\Users\מחשב לכל ילד\Documents\GitHub\c-specalization-final-project\finalProject\structures.h(73,15): error C2086: 'nodeD *headDataList': redefinition
C:\Users\מחשב לכל ילד\Documents\GitHub\c-specalization-final-project\finalProject\structures.h(73): message : see declaration of 'headDataList'
C:\Users\מחשב לכל ילד\Documents\GitHub\c-specalization-final-project\finalProject\structures.h(74,15): error C2086: 'nodeD *tailDataList': redefinition
C:\Users\מחשב לכל ילד\Documents\GitHub\c-specalization-final-project\finalProject\structures.h(74): message : see declaration of 'tailDataList'
C:\Users\מחשב לכל ילד\Documents\GitHub\c-specalization-final-project\finalProject\structures.h(78,1): error C2084: function 'void initList(void)' already has a body
C:\Users\מחשב לכל ילד\Documents\GitHub\c-specalization-final-project\finalProject\structures.h(77): message : see previous definition of 'initList'
C:\Users\מחשב לכל ילד\Documents\GitHub\c-specalization-final-project\finalProject\structures.h(64,5): error C2086: 'int IC': redefinition
C:\Users\מחשב לכל ילד\Documents\GitHub\c-specalization-final-project\finalProject\structures.h(64): message : see declaration of 'IC'
C:\Users\מחשב לכל ילד\Documents\GitHub\c-specalization-final-project\finalProject\structures.h(66,5): error C2086: 'int DC': redefinition
C:\Users\מחשב לכל ילד\Documents\GitHub\c-specalization-final-project\finalProject\structures.h(66): message : see declaration of 'DC'
C:\Users\מחשב לכל ילד\Documents\GitHub\c-specalization-final-project\finalProject\structures.h(70,15): error C2086: 'nodeI *headInstrucionList': redefinition
C:\Users\מחשב לכל ילד\Documents\GitHub\c-specalization-final-project\finalProject\structures.h(70): message : see declaration of 'headInstrucionList'
C:\Users\מחשב לכל ילד\Documents\GitHub\c-specalization-final-project\finalProject\structures.h(71,15): error C2086: 'nodeI *tailInstrucionList': redefinition
C:\Users\מחשב לכל ילד\Documents\GitHub\c-specalization-final-project\finalProject\structures.h(71): message : see declaration of 'tailInstrucionList'
C:\Users\מחשב לכל ילד\Documents\GitHub\c-specalization-final-project\finalProject\structures.h(73,15): error C2086: 'nodeD *headDataList': redefinition
C:\Users\מחשב לכל ילד\Documents\GitHub\c-specalization-final-project\finalProject\structures.h(73): message : see declaration of 'headDataList'
C:\Users\מחשב לכל ילד\Documents\GitHub\c-specalization-final-project\finalProject\structures.h(74,15): error C2086: 'nodeD *tailDataList': redefinition
C:\Users\מחשב לכל ילד\Documents\GitHub\c-specalization-final-project\finalProject\structures.h(74): message : see declaration of 'tailDataList'
C:\Users\מחשב לכל ילד\Documents\GitHub\c-specalization-final-project\finalProject\manageInstruction.h(72,6): error C2027: use of undefined type 'nodeI'
C:\Users\מחשב לכל ילד\Documents\GitHub\c-specalization-final-project\finalProject\structures.h(71): message : see declaration of 'nodeI'
C:\Users\מחשב לכל ילד\Documents\GitHub\c-specalization-final-project\finalProject\manageInstruction.h(73,6): error C2027: use of undefined type 'nodeI'
C:\Users\מחשב לכל ילד\Documents\GitHub\c-specalization-final-project\finalProject\structures.h(71): message : see declaration of 'nodeI'
C:\Users\מחשב לכל ילד\Documents\GitHub\c-specalization-final-project\finalProject\manageInstruction.h(74,6): error C2027: use of undefined type 'nodeI'
C:\Users\מחשב לכל ילד\Documents\GitHub\c-specalization-final-project\finalProject\structures.h(71): message : see declaration of 'nodeI'
C:\Users\מחשב לכל ילד\Documents\GitHub\c-specalization-final-project\finalProject\manageInstruction.h(74,26): error C2027: use of undefined type 'nodeI'
C:\Users\מחשב לכל ילד\Documents\GitHub\c-specalization-final-project\finalProject\structures.h(71): message : see declaration of 'nodeI'
C:\Users\מחשב לכל ילד\Documents\GitHub\c-specalization-final-project\finalProject\manageInstruction.h(133,11): error C2027: use of undefined type 'nodeI'
C:\Users\מחשב לכל ילד\Documents\GitHub\c-specalization-final-project\finalProject\structures.h(71): message : see declaration of 'nodeI'
C:\Users\מחשב לכל ילד\Documents\GitHub\c-specalization-final-project\finalProject\manageInstruction.h(139,1): error C2059: syntax error: '}'
C:\Users\מחשב לכל ילד\Documents\GitHub\c-specalization-final-project\finalProject\manageInstruction.h(150,9): error C2027: use of undefined type 'nodeI'
C:\Users\מחשב לכל ילד\Documents\GitHub\c-specalization-final-project\finalProject\structures.h(71): message : see declaration of 'nodeI'
C:\Users\מחשב לכל ילד\Documents\GitHub\c-specalization-final-project\finalProject\manageInstruction.h(151,20): error C2027: use of undefined type 'nodeI'
C:\Users\מחשב לכל ילד\Documents\GitHub\c-specalization-final-project\finalProject\structures.h(71): message : see declaration of 'nodeI'
C:\Users\מחשב לכל ילד\Documents\GitHub\c-specalization-final-project\finalProject\manageInstruction.h(153,9): error C2027: use of undefined type 'nodeI'
C:\Users\מחשב לכל ילד\Documents\GitHub\c-specalization-final-project\finalProject\structures.h(71): message : see declaration of 'nodeI'
C:\Users\מחשב לכל ילד\Documents\GitHub\c-specalization-final-project\finalProject\manageInstruction.h(155,9): error C2027: use of undefined type 'nodeI'
C:\Users\מחשב לכל ילד\Documents\GitHub\c-specalization-final-project\finalProject\structures.h(71): message : see declaration of 'nodeI'
C:\Users\מחשב לכל ילד\Documents\GitHub\c-specalization-final-project\finalProject\manageInstruction.h(162,26): error C2065: 'instruction': undeclared identifier
C:\Users\מחשב לכל ילד\Documents\GitHub\c-specalization-final-project\finalProject\manageInstruction.h(164,10): error C2027: use of undefined type 'nodeI'
C:\Users\מחשב לכל ילד\Documents\GitHub\c-specalization-final-project\finalProject\structures.h(71): message : see declaration of 'nodeI'
C:\Users\מחשב לכל ילד\Documents\GitHub\c-specalization-final-project\finalProject\manageInstruction.h(171,17): error C2027: use of undefined type 'nodeI'
C:\Users\מחשב לכל ילד\Documents\GitHub\c-specalization-final-project\finalProject\structures.h(71): message : see declaration of 'nodeI'
C:\Users\מחשב לכל ילד\Documents\GitHub\c-specalization-final-project\finalProject\manageInstruction.h(173,42): error C2027: use of undefined type 'nodeI'
C:\Users\מחשב לכל ילד\Documents\GitHub\c-specalization-final-project\finalProject\structures.h(71): message : see declaration of 'nodeI'
C:\Users\מחשב לכל ילד\Documents\GitHub\c-specalization-final-project\finalProject\manageInstruction.h(178,9): error C2027: use of undefined type 'nodeI'
C:\Users\מחשב לכל ילד\Documents\GitHub\c-specalization-final-project\finalProject\structures.h(71): message : see declaration of 'nodeI'
C:\Users\מחשב לכל ילד\Documents\GitHub\c-specalization-final-project\finalProject\manageInstruction.h(179,9): error C2027: use of undefined type 'nodeI'
C:\Users\מחשב לכל ילד\Documents\GitHub\c-specalization-final-project\finalProject\structures.h(71): message : see declaration of 'nodeI'
C:\Users\מחשב לכל ילד\Documents\GitHub\c-specalization-final-project\finalProject\manageInstruction.h(182,57): error C2027: use of undefined type 'nodeI'
C:\Users\מחשב לכל ילד\Documents\GitHub\c-specalization-final-project\finalProject\structures.h(71): message : see declaration of 'nodeI'
C:\Users\מחשב לכל ילד\Documents\GitHub\c-specalization-final-project\finalProject\structures.h(64,5): error C2086: 'int IC': redefinition
C:\Users\מחשב לכל ילד\Documents\GitHub\c-specalization-final-project\finalProject\structures.h(64): message : see declaration of 'IC'
C:\Users\מחשב לכל ילד\Documents\GitHub\c-specalization-final-project\finalProject\structures.h(66,5): error C2086: 'int DC': redefinition
C:\Users\מחשב לכל ילד\Documents\GitHub\c-specalization-final-project\finalProject\structures.h(66): message : see declaration of 'DC'
C:\Users\מחשב לכל ילד\Documents\GitHub\c-specalization-final-project\finalProject\structures.h(70,15): error C2086: 'nodeI *headInstrucionList': redefinition
C:\Users\מחשב לכל ילד\Documents\GitHub\c-specalization-final-project\finalProject\structures.h(70): message : see declaration of 'headInstrucionList'
C:\Users\מחשב לכל ילד\Documents\GitHub\c-specalization-final-project\finalProject\structures.h(71,15): error C2086: 'nodeI *tailInstrucionList': redefinition
C:\Users\מחשב לכל ילד\Documents\GitHub\c-specalization-final-project\finalProject\structures.h(71): message : see declaration of 'tailInstrucionList'
C:\Users\מחשב לכל ילד\Documents\GitHub\c-specalization-final-project\finalProject\structures.h(73,15): error C2086: 'nodeD *headDataList': redefinition
C:\Users\מחשב לכל ילד\Documents\GitHub\c-specalization-final-project\finalProject\structures.h(73): message : see declaration of 'headDataList'
C:\Users\מחשב לכל ילד\Documents\GitHub\c-specalization-final-project\finalProject\structures.h(74,15): error C2086: 'nodeD *tailDataList': redefinition
C:\Users\מחשב לכל ילד\Documents\GitHub\c-specalization-final-project\finalProject\structures.h(74): message : see declaration of 'tailDataList'
C:\Users\מחשב לכל ילד\Documents\GitHub\c-specalization-final-project\finalProject\helpers.h(2,1): error C2084: function 'char *f_ingnoreSpaces(char *)' already has a body
C:\Users\מחשב לכל ילד\Documents\GitHub\c-specalization-final-project\finalProject\helpers.h(1): message : see previous definition of 'f_ingnoreSpaces'
C:\Users\מחשב לכל ילד\Documents\GitHub\c-specalization-final-project\finalProject\structures.h(64,5): error C2086: 'int IC': redefinition
C:\Users\מחשב לכל ילד\Documents\GitHub\c-specalization-final-project\finalProject\structures.h(64): message : see declaration of 'IC'
C:\Users\מחשב לכל ילד\Documents\GitHub\c-specalization-final-project\finalProject\structures.h(66,5): error C2086: 'int DC': redefinition
C:\Users\מחשב לכל ילד\Documents\GitHub\c-specalization-final-project\finalProject\structures.h(66): message : see declaration of 'DC'
C:\Users\מחשב לכל ילד\Documents\GitHub\c-specalization-final-project\finalProject\structures.h(70,15): error C2086: 'nodeI *headInstrucionList': redefinition
C:\Users\מחשב לכל ילד\Documents\GitHub\c-specalization-final-project\finalProject\structures.h(70): message : see declaration of 'headInstrucionList'
C:\Users\מחשב לכל ילד\Documents\GitHub\c-specalization-final-project\finalProject\structures.h(71,15): error C2086: 'nodeI *tailInstrucionList': redefinition
C:\Users\מחשב לכל ילד\Documents\GitHub\c-specalization-final-project\finalProject\structures.h(71): message : see declaration of 'tailInstrucionList'
C:\Users\מחשב לכל ילד\Documents\GitHub\c-specalization-final-project\finalProject\structures.h(73,15): error C2086: 'nodeD *headDataList': redefinition
C:\Users\מחשב לכל ילד\Documents\GitHub\c-specalization-final-project\finalProject\structures.h(73): message : see declaration of 'headDataList'
C:\Users\מחשב לכל ילד\Documents\GitHub\c-specalization-final-project\finalProject\structures.h(74,15): error C2086: 'nodeD *tailDataList': redefinition
C:\Users\מחשב לכל ילד\Documents\GitHub\c-specalization-final-project\finalProject\structures.h(74): message : see declaration of 'tailDataList'
C:\Users\מחשב לכל ילד\Documents\GitHub\c-specalization-final-project\finalProject\symbolsHash.h(6,1): error C2084: function 'void f_updateScopeLabel(char *,E_scopeLabel)' already has a body
C:\Users\מחשב לכל ילד\Documents\GitHub\c-specalization-final-project\finalProject\symbolsHash.h(5): message : see previous definition of 'f_updateScopeLabel'
C:\Users\מחשב לכל ילד\Documents\GitHub\c-specalization-final-project\finalProject\symbolsHash.h(11,1): error C2084: function 'void f_modifyLabel(char *,E_scopeLabel)' already has a body
C:\Users\מחשב לכל ילד\Documents\GitHub\c-specalization-final-project\finalProject\symbolsHash.h(10): message : see previous definition of 'f_modifyLabel'
C:\Users\מחשב לכל ילד\Documents\GitHub\c-specalization-final-project\finalProject\symbolsHash.h(18,1): error C2084: function 'void f_insertLabel(char *,E_typeLabel)' already has a body
C:\Users\מחשב לכל ילד\Documents\GitHub\c-specalization-final-project\finalProject\symbolsHash.h(17): message : see previous definition of 'f_insertLabel'
C:\Users\מחשב לכל ילד\Documents\GitHub\c-specalization-final-project\finalProject\manageDirective.h(13,6): error C2027: use of undefined type 'nodeD'
C:\Users\מחשב לכל ילד\Documents\GitHub\c-specalization-final-project\finalProject\structures.h(74): message : see declaration of 'nodeD'
C:\Users\מחשב לכל ילד\Documents\GitHub\c-specalization-final-project\finalProject\manageDirective.h(14,6): error C2027: use of undefined type 'nodeD'
C:\Users\מחשב לכל ילד\Documents\GitHub\c-specalization-final-project\finalProject\structures.h(74): message : see declaration of 'nodeD'
C:\Users\מחשב לכל ילד\Documents\GitHub\c-specalization-final-project\finalProject\manageDirective.h(15,6): error C2027: use of undefined type 'nodeD'
C:\Users\מחשב לכל ילד\Documents\GitHub\c-specalization-final-project\finalProject\structures.h(74): message : see declaration of 'nodeD'
C:\Users\מחשב לכל ילד\Documents\GitHub\c-specalization-final-project\finalProject\manageDirective.h(17,6): error C2027: use of undefined type 'nodeD'
C:\Users\מחשב לכל ילד\Documents\GitHub\c-specalization-final-project\finalProject\structures.h(74): message : see declaration of 'nodeD'
C:\Users\מחשב לכל ילד\Documents\GitHub\c-specalization-final-project\finalProject\manageDirective.h(17,26): error C2027: use of undefined type 'nodeD'
C:\Users\מחשב לכל ילד\Documents\GitHub\c-specalization-final-project\finalProject\structures.h(74): message : see declaration of 'nodeD'
C:\Users\מחשב לכל ילד\Documents\GitHub\c-specalization-final-project\finalProject\manageDirective.h(18,6): error C2027: use of undefined type 'nodeD'
C:\Users\מחשב לכל ילד\Documents\GitHub\c-specalization-final-project\finalProject\structures.h(74): message : see declaration of 'nodeD'
C:\Users\מחשב לכל ילד\Documents\GitHub\c-specalization-final-project\finalProject\manageDirective.h(23,6): error C2027: use of undefined type 'nodeD'
C:\Users\מחשב לכל ילד\Documents\GitHub\c-specalization-final-project\finalProject\structures.h(74): message : see declaration of 'nodeD'
C:\Users\מחשב לכל ילד\Documents\GitHub\c-specalization-final-project\finalProject\manageDirective.h(25,6): error C2027: use of undefined type 'nodeD'
C:\Users\מחשב לכל ילד\Documents\GitHub\c-specalization-final-project\finalProject\structures.h(74): message : see declaration of 'nodeD'
C:\Users\מחשב לכל ילד\Documents\GitHub\c-specalization-final-project\finalProject\manageDirective.h(25,26): error C2027: use of undefined type 'nodeD'
C:\Users\מחשב לכל ילד\Documents\GitHub\c-specalization-final-project\finalProject\structures.h(74): message : see declaration of 'nodeD'
C:\Users\מחשב לכל ילד\Documents\GitHub\c-specalization-final-project\finalProject\manageDirective.h(26,6): error C2027: use of undefined type 'nodeD'
C:\Users\מחשב לכל ילד\Documents\GitHub\c-specalization-final-project\finalProject\structures.h(74): message : see declaration of 'nodeD'
C:\Users\מחשב לכל ילד\Documents\GitHub\c-specalization-final-project\finalProject\manageDirective.h(77,16): error C2027: use of undefined type 'nodeD'
C:\Users\מחשב לכל ילד\Documents\GitHub\c-specalization-final-project\finalProject\structures.h(74): message : see declaration of 'nodeD'
C:\Users\מחשב לכל ילד\Documents\GitHub\c-specalization-final-project\finalProject\manageDirective.h(78,11): error C2027: use of undefined type 'nodeD'
C:\Users\מחשב לכל ילד\Documents\GitHub\c-specalization-final-project\finalProject\structures.h(74): message : see declaration of 'nodeD'
C:\Users\מחשב לכל ילד\Documents\GitHub\c-specalization-final-project\finalProject\manageDirective.h(98,6): error C2027: use of undefined type 'nodeD'
C:\Users\מחשב לכל ילד\Documents\GitHub\c-specalization-final-project\finalProject\structures.h(74): message : see declaration of 'nodeD'
C:\Users\מחשב לכל ילד\Documents\GitHub\c-specalization-final-project\finalProject\manageDirective.h(99,6): error C2027: use of undefined type 'nodeD'
C:\Users\מחשב לכל ילד\Documents\GitHub\c-specalization-final-project\finalProject\structures.h(74): message : see declaration of 'nodeD'
C:\Users\מחשב לכל ילד\Documents\GitHub\c-specalization-final-project\finalProject\manageDirective.h(101,6): error C2027: use of undefined type 'nodeD'
C:\Users\מחשב לכל ילד\Documents\GitHub\c-specalization-final-project\finalProject\structures.h(74): message : see declaration of 'nodeD'
C:\Users\מחשב לכל ילד\Documents\GitHub\c-specalization-final-project\finalProject\manageDirective.h(101,26): error C2027: use of undefined type 'nodeD'
C:\Users\מחשב לכל ילד\Documents\GitHub\c-specalization-final-project\finalProject\structures.h(74): message : see declaration of 'nodeD'
C:\Users\מחשב לכל ילד\Documents\GitHub\c-specalization-final-project\finalProject\manageDirective.h(102,6): error C2027: use of undefined type 'nodeD'
C:\Users\מחשב לכל ילד\Documents\GitHub\c-specalization-final-project\finalProject\structures.h(74): message : see declaration of 'nodeD'
C:\Users\מחשב לכל ילד\Documents\GitHub\c-specalization-final-project\finalProject\manageDirective.h(103,6): error C2027: use of undefined type 'nodeD'
C:\Users\מחשב לכל ילד\Documents\GitHub\c-specalization-final-project\finalProject\structures.h(74): message : see declaration of 'nodeD'
C:\Users\מחשב לכל ילד\Documents\GitHub\c-specalization-final-project\finalProject\manageDirective.h(122,6): error C2027: use of undefined type 'nodeD'
C:\Users\מחשב לכל ילד\Documents\GitHub\c-specalization-final-project\finalProject\structures.h(74): message : see declaration of 'nodeD'
C:\Users\מחשב לכל ילד\Documents\GitHub\c-specalization-final-project\finalProject\manageDirective.h(124,6): error C2027: use of undefined type 'nodeD'
C:\Users\מחשב לכל ילד\Documents\GitHub\c-specalization-final-project\finalProject\structures.h(74): message : see declaration of 'nodeD'
C:\Users\מחשב לכל ילד\Documents\GitHub\c-specalization-final-project\finalProject\manageDirective.h(124,26): error C2027: use of undefined type 'nodeD'
C:\Users\מחשב לכל ילד\Documents\GitHub\c-specalization-final-project\finalProject\structures.h(74): message : see declaration of 'nodeD'
C:\Users\מחשב לכל ילד\Documents\GitHub\c-specalization-final-project\finalProject\manageDirective.h(133,15): error C2027: use of undefined type 'nodeD'
C:\Users\מחשב לכל ילד\Documents\GitHub\c-specalization-final-project\finalProject\structures.h(74): message : see declaration of 'nodeD'
C:\Users\מחשב לכל ילד\Documents\GitHub\c-specalization-final-project\finalProject\manageDirective.h(134,10): error C2027: use of undefined type 'nodeD'
C:\Users\מחשב לכל ילד\Documents\GitHub\c-specalization-final-project\finalProject\structures.h(74): message : see declaration of 'nodeD'
C:\Users\מחשב לכל ילד\Documents\GitHub\c-specalization-final-project\finalProject\manageDirective.h(149,14): error C2027: use of undefined type 'nodeD'
C:\Users\מחשב לכל ילד\Documents\GitHub\c-specalization-final-project\finalProject\structures.h(74): message : see declaration of 'nodeD'
C:\Users\מחשב לכל ילד\Documents\GitHub\c-specalization-final-project\finalProject\manageDirective.h(150,9): error C2027: use of undefined type 'nodeD'
C:\Users\מחשב לכל ילד\Documents\GitHub\c-specalization-final-project\finalProject\structures.h(74): message : see declaration of 'nodeD'
C:\Users\מחשב לכל ילד\Documents\GitHub\c-specalization-final-project\finalProject\manageDirective.h(165,26): error C2065: 'data': undeclared identifier
C:\Users\מחשב לכל ילד\Documents\GitHub\c-specalization-final-project\finalProject\manageDirective.h(165,3): error C2065: 'f_insertLabel': undeclared identifier
C:\Users\מחשב לכל ילד\Documents\GitHub\c-specalization-final-project\finalProject\manageDirective.h(179,23): error C2065: 'external': undeclared identifier
C:\Users\מחשב לכל ילד\Documents\GitHub\c-specalization-final-project\finalProject\manageDirective.h(179,4): error C2065: 'f_modifyLabel': undeclared identifier
C:\Users\מחשב לכל ילד\Documents\GitHub\c-specalization-final-project\finalProject\manageDirective.h(184,23): error C2065: 'entry': undeclared identifier
C:\Users\מחשב לכל ילד\Documents\GitHub\c-specalization-final-project\finalProject\manageDirective.h(184,4): error C2065: 'f_modifyLabel': undeclared identifier
C:\Users\מחשב לכל ילד\Documents\GitHub\c-specalization-final-project\finalProject\manageDirective.h(192,10): error C2027: use of undefined type 'nodeD'
C:\Users\מחשב לכל ילד\Documents\GitHub\c-specalization-final-project\finalProject\structures.h(74): message : see declaration of 'nodeD'
C:\Users\מחשב לכל ילד\Documents\GitHub\c-specalization-final-project\finalProject\manageDirective.h(193,15): error C2027: use of undefined type 'nodeD'
C:\Users\מחשב לכל ילד\Documents\GitHub\c-specalization-final-project\finalProject\structures.h(74): message : see declaration of 'nodeD'
C:\Users\מחשב לכל ילד\Documents\GitHub\c-specalization-final-project\finalProject\manageDirective.h(196,10): error C2027: use of undefined type 'nodeD'
C:\Users\מחשב לכל ילד\Documents\GitHub\c-specalization-final-project\finalProject\structures.h(74): message : see declaration of 'nodeD'
C:\Users\מחשב לכל ילד\Documents\GitHub\c-specalization-final-project\finalProject\manageDirective.h(200,10): error C2027: use of undefined type 'nodeD'
C:\Users\מחשב לכל ילד\Documents\GitHub\c-specalization-final-project\finalProject\structures.h(74): message : see declaration of 'nodeD'
C:\Users\מחשב לכל ילד\Documents\GitHub\c-specalization-final-project\finalProject\manageDirective.h(201,10): error C2027: use of undefined type 'nodeD'
C:\Users\מחשב לכל ילד\Documents\GitHub\c-specalization-final-project\finalProject\structures.h(74): message : see declaration of 'nodeD'
C:\Users\מחשב לכל ילד\Documents\GitHub\c-specalization-final-project\finalProject\manageDirective.h(205,11): error C2027: use of undefined type 'nodeD'
C:\Users\מחשב לכל ילד\Documents\GitHub\c-specalization-final-project\finalProject\structures.h(74): message : see declaration of 'nodeD'
C:\Users\מחשב לכל ילד\Documents\GitHub\c-specalization-final-project\finalProject\manageDirective.h(212,11): error C2027: use of undefined type 'nodeD'
C:\Users\מחשב לכל ילד\Documents\GitHub\c-specalization-final-project\finalProject\structures.h(74): message : see declaration of 'nodeD'
C:\Users\מחשב לכל ילד\Documents\GitHub\c-specalization-final-project\finalProject\assembler.h(24,15): error C3861: 'getline': identifier not found
  manageDirective.h
C:\Users\מחשב לכל ילד\Documents\GitHub\c-specalization-final-project\finalProject\structures.h(4,55): warning C4091: 'typedef ': ignored on left of 'E_scopeLabel' when no variable is declared
C:\Users\מחשב לכל ילד\Documents\GitHub\c-specalization-final-project\finalProject\structures.h(5,50): warning C4091: 'typedef ': ignored on left of 'E_typeLabel' when no variable is declared
C:\Users\מחשב לכל ילד\Documents\GitHub\c-specalization-final-project\finalProject\structures.h(4,32): error C2011: 'E_scopeLabel': 'enum' type redefinition
C:\Users\מחשב לכל ילד\Documents\GitHub\c-specalization-final-project\finalProject\structures.h(4): message : see declaration of 'E_scopeLabel'
C:\Users\מחשב לכל ילד\Documents\GitHub\c-specalization-final-project\finalProject\structures.h(5,31): error C2011: 'E_typeLabel': 'enum' type redefinition
C:\Users\מחשב לכל ילד\Documents\GitHub\c-specalization-final-project\finalProject\structures.h(5): message : see declaration of 'E_typeLabel'
C:\Users\מחשב לכל ילד\Documents\GitHub\c-specalization-final-project\finalProject\structures.h(11,1): error C2011: 'binaryCode': 'struct' type redefinition
C:\Users\מחשב לכל ילד\Documents\GitHub\c-specalization-final-project\finalProject\structures.h(10): message : see declaration of 'binaryCode'
C:\Users\מחשב לכל ילד\Documents\GitHub\c-specalization-final-project\finalProject\structures.h(22,1): error C2011: 'nodeI': 'struct' type redefinition
C:\Users\מחשב לכל ילד\Documents\GitHub\c-specalization-final-project\finalProject\structures.h(71): message : see declaration of 'nodeI'
C:\Users\מחשב לכל ילד\Documents\GitHub\c-specalization-final-project\finalProject\structures.h(35,1): error C2011: 'nodeD': 'struct' type redefinition
C:\Users\מחשב לכל ילד\Documents\GitHub\c-specalization-final-project\finalProject\structures.h(74): message : see declaration of 'nodeD'
C:\Users\מחשב לכל ילד\Documents\GitHub\c-specalization-final-project\finalProject\structures.h(50,1): error C2011: 'symbol': 'struct' type redefinition
C:\Users\מחשב לכל ילד\Documents\GitHub\c-specalization-final-project\finalProject\structures.h(49): message : see declaration of 'symbol'
C:\Users\מחשב לכל ילד\Documents\GitHub\c-specalization-final-project\finalProject\structures.h(64,5): error C2086: 'int IC': redefinition
C:\Users\מחשב לכל ילד\Documents\GitHub\c-specalization-final-project\finalProject\structures.h(64): message : see declaration of 'IC'
C:\Users\מחשב לכל ילד\Documents\GitHub\c-specalization-final-project\finalProject\structures.h(66,5): error C2086: 'int DC': redefinition
C:\Users\מחשב לכל ילד\Documents\GitHub\c-specalization-final-project\finalProject\structures.h(66): message : see declaration of 'DC'
C:\Users\מחשב לכל ילד\Documents\GitHub\c-specalization-final-project\finalProject\structures.h(70,15): error C2086: 'nodeI *headInstrucionList': redefinition
C:\Users\מחשב לכל ילד\Documents\GitHub\c-specalization-final-project\finalProject\structures.h(70): message : see declaration of 'headInstrucionList'
C:\Users\מחשב לכל ילד\Documents\GitHub\c-specalization-final-project\finalProject\structures.h(71,15): error C2086: 'nodeI *tailInstrucionList': redefinition
C:\Users\מחשב לכל ילד\Documents\GitHub\c-specalization-final-project\finalProject\structures.h(71): message : see declaration of 'tailInstrucionList'
C:\Users\מחשב לכל ילד\Documents\GitHub\c-specalization-final-project\finalProject\structures.h(73,15): error C2086: 'nodeD *headDataList': redefinition
C:\Users\מחשב לכל ילד\Documents\GitHub\c-specalization-final-project\finalProject\structures.h(73): message : see declaration of 'headDataList'
C:\Users\מחשב לכל ילד\Documents\GitHub\c-specalization-final-project\finalProject\structures.h(74,15): error C2086: 'nodeD *tailDataList': redefinition
C:\Users\מחשב לכל ילד\Documents\GitHub\c-specalization-final-project\finalProject\structures.h(74): message : see declaration of 'tailDataList'
C:\Users\מחשב לכל ילד\Documents\GitHub\c-specalization-final-project\finalProject\structures.h(78,1): error C2084: function 'void initList(void)' already has a body
C:\Users\מחשב לכל ילד\Documents\GitHub\c-specalization-final-project\finalProject\structures.h(77): message : see previous definition of 'initList'
C:\Users\מחשב לכל ילד\Documents\GitHub\c-specalization-final-project\finalProject\manageDirective.h(13,6): error C2027: use of undefined type 'nodeD'
C:\Users\מחשב לכל ילד\Documents\GitHub\c-specalization-final-project\finalProject\structures.h(74): message : see declaration of 'nodeD'
C:\Users\מחשב לכל ילד\Documents\GitHub\c-specalization-final-project\finalProject\manageDirective.h(14,6): error C2027: use of undefined type 'nodeD'
C:\Users\מחשב לכל ילד\Documents\GitHub\c-specalization-final-project\finalProject\structures.h(74): message : see declaration of 'nodeD'
C:\Users\מחשב לכל ילד\Documents\GitHub\c-specalization-final-project\finalProject\manageDirective.h(15,6): error C2027: use of undefined type 'nodeD'
C:\Users\מחשב לכל ילד\Documents\GitHub\c-specalization-final-project\finalProject\structures.h(74): message : see declaration of 'nodeD'
C:\Users\מחשב לכל ילד\Documents\GitHub\c-specalization-final-project\finalProject\manageDirective.h(17,6): error C2027: use of undefined type 'nodeD'
C:\Users\מחשב לכל ילד\Documents\GitHub\c-specalization-final-project\finalProject\structures.h(74): message : see declaration of 'nodeD'
C:\Users\מחשב לכל ילד\Documents\GitHub\c-specalization-final-project\finalProject\manageDirective.h(17,26): error C2027: use of undefined type 'nodeD'
C:\Users\מחשב לכל ילד\Documents\GitHub\c-specalization-final-project\finalProject\structures.h(74): message : see declaration of 'nodeD'
C:\Users\מחשב לכל ילד\Documents\GitHub\c-specalization-final-project\finalProject\manageDirective.h(18,6): error C2027: use of undefined type 'nodeD'
C:\Users\מחשב לכל ילד\Documents\GitHub\c-specalization-final-project\finalProject\structures.h(74): message : see declaration of 'nodeD'
C:\Users\מחשב לכל ילד\Documents\GitHub\c-specalization-final-project\finalProject\manageDirective.h(23,6): error C2027: use of undefined type 'nodeD'
C:\Users\מחשב לכל ילד\Documents\GitHub\c-specalization-final-project\finalProject\structures.h(74): message : see declaration of 'nodeD'
C:\Users\מחשב לכל ילד\Documents\GitHub\c-specalization-final-project\finalProject\manageDirective.h(25,6): error C2027: use of undefined type 'nodeD'
C:\Users\מחשב לכל ילד\Documents\GitHub\c-specalization-final-project\finalProject\structures.h(74): message : see declaration of 'nodeD'
C:\Users\מחשב לכל ילד\Documents\GitHub\c-specalization-final-project\finalProject\manageDirective.h(25,26): error C2027: use of undefined type 'nodeD'
C:\Users\מחשב לכל ילד\Documents\GitHub\c-specalization-final-project\finalProject\structures.h(74): message : see declaration of 'nodeD'
C:\Users\מחשב לכל ילד\Documents\GitHub\c-specalization-final-project\finalProject\manageDirective.h(26,6): error C2027: use of undefined type 'nodeD'
C:\Users\מחשב לכל ילד\Documents\GitHub\c-specalization-final-project\finalProject\structures.h(74): message : see declaration of 'nodeD'
C:\Users\מחשב לכל ילד\Documents\GitHub\c-specalization-final-project\finalProject\manageDirective.h(77,16): error C2027: use of undefined type 'nodeD'
C:\Users\מחשב לכל ילד\Documents\GitHub\c-specalization-final-project\finalProject\structures.h(74): message : see declaration of 'nodeD'
C:\Users\מחשב לכל ילד\Documents\GitHub\c-specalization-final-project\finalProject\manageDirective.h(78,11): error C2027: use of undefined type 'nodeD'
C:\Users\מחשב לכל ילד\Documents\GitHub\c-specalization-final-project\finalProject\structures.h(74): message : see declaration of 'nodeD'
C:\Users\מחשב לכל ילד\Documents\GitHub\c-specalization-final-project\finalProject\manageDirective.h(98,6): error C2027: use of undefined type 'nodeD'
C:\Users\מחשב לכל ילד\Documents\GitHub\c-specalization-final-project\finalProject\structures.h(74): message : see declaration of 'nodeD'
C:\Users\מחשב לכל ילד\Documents\GitHub\c-specalization-final-project\finalProject\manageDirective.h(99,6): error C2027: use of undefined type 'nodeD'
C:\Users\מחשב לכל ילד\Documents\GitHub\c-specalization-final-project\finalProject\structures.h(74): message : see declaration of 'nodeD'
C:\Users\מחשב לכל ילד\Documents\GitHub\c-specalization-final-project\finalProject\manageDirective.h(101,6): error C2027: use of undefined type 'nodeD'
C:\Users\מחשב לכל ילד\Documents\GitHub\c-specalization-final-project\finalProject\structures.h(74): message : see declaration of 'nodeD'
C:\Users\מחשב לכל ילד\Documents\GitHub\c-specalization-final-project\finalProject\manageDirective.h(101,26): error C2027: use of undefined type 'nodeD'
C:\Users\מחשב לכל ילד\Documents\GitHub\c-specalization-final-project\finalProject\structures.h(74): message : see declaration of 'nodeD'
C:\Users\מחשב לכל ילד\Documents\GitHub\c-specalization-final-project\finalProject\manageDirective.h(102,6): error C2027: use of undefined type 'nodeD'
C:\Users\מחשב לכל ילד\Documents\GitHub\c-specalization-final-project\finalProject\structures.h(74): message : see declaration of 'nodeD'
C:\Users\מחשב לכל ילד\Documents\GitHub\c-specalization-final-project\finalProject\manageDirective.h(103,6): error C2027: use of undefined type 'nodeD'
C:\Users\מחשב לכל ילד\Documents\GitHub\c-specalization-final-project\finalProject\structures.h(74): message : see declaration of 'nodeD'
C:\Users\מחשב לכל ילד\Documents\GitHub\c-specalization-final-project\finalProject\manageDirective.h(122,6): error C2027: use of undefined type 'nodeD'
C:\Users\מחשב לכל ילד\Documents\GitHub\c-specalization-final-project\finalProject\structures.h(74): message : see declaration of 'nodeD'
C:\Users\מחשב לכל ילד\Documents\GitHub\c-specalization-final-project\finalProject\manageDirective.h(124,6): error C2027: use of undefined type 'nodeD'
C:\Users\מחשב לכל ילד\Documents\GitHub\c-specalization-final-project\finalProject\structures.h(74): message : see declaration of 'nodeD'
C:\Users\מחשב לכל ילד\Documents\GitHub\c-specalization-final-project\finalProject\manageDirective.h(124,26): error C2027: use of undefined type 'nodeD'
C:\Users\מחשב לכל ילד\Documents\GitHub\c-specalization-final-project\finalProject\structures.h(74): message : see declaration of 'nodeD'
C:\Users\מחשב לכל ילד\Documents\GitHub\c-specalization-final-project\finalProject\manageDirective.h(133,15): error C2027: use of undefined type 'nodeD'
C:\Users\מחשב לכל ילד\Documents\GitHub\c-specalization-final-project\finalProject\structures.h(74): message : see declaration of 'nodeD'
C:\Users\מחשב לכל ילד\Documents\GitHub\c-specalization-final-project\finalProject\manageDirective.h(134,10): error C2027: use of undefined type 'nodeD'
C:\Users\מחשב לכל ילד\Documents\GitHub\c-specalization-final-project\finalProject\structures.h(74): message : see declaration of 'nodeD'
C:\Users\מחשב לכל ילד\Documents\GitHub\c-specalization-final-project\finalProject\manageDirective.h(149,14): error C2027: use of undefined type 'nodeD'
C:\Users\מחשב לכל ילד\Documents\GitHub\c-specalization-final-project\finalProject\structures.h(74): message : see declaration of 'nodeD'
C:\Users\מחשב לכל ילד\Documents\GitHub\c-specalization-final-project\finalProject\manageDirective.h(150,9): error C2027: use of undefined type 'nodeD'
C:\Users\מחשב לכל ילד\Documents\GitHub\c-specalization-final-project\finalProject\structures.h(74): message : see declaration of 'nodeD'
C:\Users\מחשב לכל ילד\Documents\GitHub\c-specalization-final-project\finalProject\manageDirective.h(165,26): error C2065: 'data': undeclared identifier
C:\Users\מחשב לכל ילד\Documents\GitHub\c-specalization-final-project\finalProject\manageDirective.h(179,23): error C2065: 'external': undeclared identifier
C:\Users\מחשב לכל ילד\Documents\GitHub\c-specalization-final-project\finalProject\manageDirective.h(184,23): error C2065: 'entry': undeclared identifier
C:\Users\מחשב לכל ילד\Documents\GitHub\c-specalization-final-project\finalProject\manageDirective.h(192,10): error C2027: use of undefined type 'nodeD'
C:\Users\מחשב לכל ילד\Documents\GitHub\c-specalization-final-project\finalProject\structures.h(74): message : see declaration of 'nodeD'
C:\Users\מחשב לכל ילד\Documents\GitHub\c-specalization-final-project\finalProject\manageDirective.h(193,15): error C2027: use of undefined type 'nodeD'
C:\Users\מחשב לכל ילד\Documents\GitHub\c-specalization-final-project\finalProject\structures.h(74): message : see declaration of 'nodeD'
C:\Users\מחשב לכל ילד\Documents\GitHub\c-specalization-final-project\finalProject\manageDirective.h(196,10): error C2027: use of undefined type 'nodeD'
C:\Users\מחשב לכל ילד\Documents\GitHub\c-specalization-final-project\finalProject\structures.h(74): message : see declaration of 'nodeD'
C:\Users\מחשב לכל ילד\Documents\GitHub\c-specalization-final-project\finalProject\manageDirective.h(200,10): error C2027: use of undefined type 'nodeD'
C:\Users\מחשב לכל ילד\Documents\GitHub\c-specalization-final-project\finalProject\structures.h(74): message : see declaration of 'nodeD'
C:\Users\מחשב לכל ילד\Documents\GitHub\c-specalization-final-project\finalProject\manageDirective.h(201,10): error C2027: use of undefined type 'nodeD'
C:\Users\מחשב לכל ילד\Documents\GitHub\c-specalization-final-project\finalProject\structures.h(74): message : see declaration of 'nodeD'
C:\Users\מחשב לכל ילד\Documents\GitHub\c-specalization-final-project\finalProject\manageDirective.h(205,11): error C2027: use of undefined type 'nodeD'
C:\Users\מחשב לכל ילד\Documents\GitHub\c-specalization-final-project\finalProject\structures.h(74): message : see declaration of 'nodeD'
C:\Users\מחשב לכל ילד\Documents\GitHub\c-specalization-final-project\finalProject\manageDirective.h(212,11): error C2027: use of undefined type 'nodeD'
C:\Users\מחשב לכל ילד\Documents\GitHub\c-specalization-final-project\finalProject\structures.h(74): message : see declaration of 'nodeD'
  structures.h
C:\Users\מחשב לכל ילד\Documents\GitHub\c-specalization-final-project\finalProject\structures.h(4,55): warning C4091: 'typedef ': ignored on left of 'E_scopeLabel' when no variable is declared
C:\Users\מחשב לכל ילד\Documents\GitHub\c-specalization-final-project\finalProject\structures.h(5,50): warning C4091: 'typedef ': ignored on left of 'E_typeLabel' when no variable is declared
  Generating Code...
